Arguments: 
  C:\Program Files\nodejs\node.exe C:\Users\Administrator\AppData\Roaming\npm\node_modules\yarn\bin\yarn.js install

PATH: 
  C:\Program Files (x86)\Common Files\Oracle\Java\javapath;%Java Home%\bin;C:\Android\platform-tools;C:\Android\tools;C:\Program Files\nodejs\;C:\Program Files\phantomjs-2.1.1-windows\bin;C:\Users\Administrator\AppData\Local\Yarn\bin;C:\Users\Administrator\AppData\Local\Yarn\Cache\v4\npm-typescript-3.4.5-2d2618d10bb566572b8d7aad5180d84257d70a99\node_modules\typescript\.bin;C:\Android\tools;C:\Android\platform-tools;C:\Python27\Scripts;C:\Python27;C:\Windows\winsxs\amd64_microsoft-windows-commandprompt_31bf3856ad364e35_6.1.7601.17514_none_e932cc2c30fc13b0;C:\Windows\winsxs\x86_microsoft-windows-tasklist_31bf3856ad364e35_6.1.7600.16385_none_28198854bba53a00;C:\Users\Administrator\AppData\Local\Programs\Python\Python37\Scripts\;C:\Users\Administrator\AppData\Local\Programs\Python\Python37\;C:\Go\bin;C:\Program Files\Git\bin;D:\babun\.babun;C:\Users\Administrator\AppData\Local\Programs\Fiddler;C:\Users\Administrator\AppData\Roaming\npm;C:\Users\Administrator\AppData\Local\Programs\Microsoft VS Code\bin;C:\Program Files\phantomjs-2.1.1-windows\bin;D:\Program Files\cmder\;C:\Users\Administrator\AppData\Local\Yarn\Cache\v4\npm-typescript-3.4.5-2d2618d10bb566572b8d7aad5180d84257d70a99\node_modules\typescript\.bin

Yarn version: 
  1.16.0

Node version: 
  10.13.0

Platform: 
  win32 x64

Trace: 
  SyntaxError: d:\qianduan\reactPro\package.json: Unexpected token } in JSON at position 1071
      at JSON.parse (<anonymous>)
      at C:\Users\Administrator\AppData\Roaming\npm\node_modules\yarn\lib\cli.js:1625:59
      at Generator.next (<anonymous>)
      at step (C:\Users\Administrator\AppData\Roaming\npm\node_modules\yarn\lib\cli.js:304:30)
      at C:\Users\Administrator\AppData\Roaming\npm\node_modules\yarn\lib\cli.js:315:13

npm manifest: 
  {
      "name": "reactPro",
      "version": "1.0.0",
      "main": "index.js",
      "scripts": {
          "build": "npx webpack",
          "dev": "webpack-dev-server  --open --port 3000 "
      },
      "license": "MIT",
      "devDependencies": {
          "@babel/core": "^7.5.5",
          "@babel/plugin-proposal-class-properties": "^7.5.5",
          "@babel/plugin-transform-runtime": "^7.5.5",
          "@babel/preset-env": "^7.5.5",
          "@babel/preset-react": "^7.0.0",
          "@babel/runtime": "^7.5.5",
          "babel-loader": "^8.0.6",
          "babel-plugin-import": "^1.12.1",
          "css-loader": "^3.2.0",
          "html-webpack-plugin": "^3.2.0",
          "mocker-api": "^1.7.9",
          "node-sass": "^4.12.0",
          "sass-loader": "^7.2.0",
          "style-loader": "^1.0.0",
          "webpack": "^4.39.1",
          "webpack-cli": "^3.3.6",
          "webpack-dev-server": "^3.8.0"
      },
      "dependencies": {
          "antd": "^2.13.10",
          "fetch-jsonp": "^1.1.3",
          "react": "^16.8.6",
          "react-dom": "^16.8.6",
          "react-router-dom": "^5.0.1",
      }
  }

yarn manifest: 
  No manifest

Lockfile: 
  No lockfile
