Arguments: 
  C:\Program Files\nodejs\node.exe C:\Users\Administrator\AppData\Roaming\npm\node_modules\yarn\bin\yarn.js install

PATH: 
  C:\Program Files (x86)\Common Files\Oracle\Java\javapath;%Java Home%\bin;E:\adt-bundle-windows-x86_64-20140702\sdk\platform-tools;E:\adt-bundle-windows-x86_64-20140702\sdk\tools;C:\Program Files\nodejs\;C:\Users\Administrator\AppData\Local\Programs\Python\Python37\Scripts\;C:\Users\Administrator\AppData\Local\Programs\Python\Python37\;C:\Go\bin;C:\Program Files\Git\bin;D:\babun\.babun;C:\Users\Administrator\AppData\Local\Programs\Fiddler;C:\Users\Administrator\AppData\Roaming\npm;C:\Users\Administrator\AppData\Local\Programs\Microsoft VS Code\bin

Yarn version: 
  1.16.0

Node version: 
  10.13.0

Platform: 
  win32 x64

Trace: 
  Error: ENOENT: no such file or directory, copyfile 'C:\Users\Administrator\AppData\Local\Yarn\Cache\v4\npm-process-nextick-args-2.0.0-a37d732f4271b4ab1ad070d35508e8290788ffaa\node_modules\process-nextick-args\index.js' -> 'd:\qianduan\blogPro(node)\node_modules\bl\node_modules\process-nextick-args\index.js'

npm manifest: 
  {
    "name": "blo",
    "version": "1.0.0",
    "main": "app.js",
    "dependencies": {
      "array-flatten": "^2.1.2",
      "art-template": "^4.13.2",
      "body-parser": "^1.19.0",
      "bootstrap": "^3.4.1",
      "co": "^4.6.0",
      "content-type": "^1.0.4",
      "debug": "^4.1.1",
      "depd": "^2.0.0",
      "encodeurl": "^1.0.2",
      "es6-promise": "^4.2.6",
      "escape-html": "^1.0.3",
      "express": "^4.17.1",
      "express-art-template": "^1.0.1",
      "forwarded": "^0.1.2",
      "forwards": "^0.0.4",
      "inherits": "^2.0.3",
      "ipaddr": "^0.0.9",
      "ipaddr.js": "^1.9.0",
      "jquery": "^3.4.1",
      "merge-descriptors": "^1.0.1",
      "methods": "^1.1.2",
      "mime-db": "^1.40.0",
      "mongodb-core": "^3.2.6",
      "moongoose": "^0.0.5",
      "ms": "^2.1.1",
      "negotiator": "^0.6.2",
      "on-finished": "^2.3.0",
      "parseurl": "^1.3.3",
      "qs": "^6.7.0",
      "raw-body": "^2.4.0",
      "readable-stream": "^3.4.0",
      "safe-buffer": "^5.1.2",
      "send": "^0.17.1",
      "setprototypeof": "^1.1.1",
      "statuses": "^1.5.0",
      "toidentifier": "^1.0.0",
      "type-is": "^1.6.18",
      "unpipe": "^1.0.0"
    },
    "devDependencies": {},
    "scripts": {
      "test": "echo \"Error: no test specified\" && exit 1"
    },
    "keywords": [],
    "author": "",
    "license": "ISC",
    "description": ""
  }

yarn manifest: 
  No manifest

Lockfile: 
  No lockfile
